0 info it worked if it ends with ok
1 verbose cli [ 'C:\\Program Files\\nodejs\\node.exe',
1 verbose cli   'C:\\Program Files\\nodejs\\node_modules\\npm\\bin\\npm-cli.js',
1 verbose cli   'run',
1 verbose cli   'deploy' ]
2 info using npm@3.10.10
3 info using node@v6.11.0
4 verbose run-script [ 'predeploy', 'deploy', 'postdeploy' ]
5 info lifecycle react-redux-app@0.1.0~predeploy: react-redux-app@0.1.0
6 silly lifecycle react-redux-app@0.1.0~predeploy: no script for predeploy, continuing
7 info lifecycle react-redux-app@0.1.0~deploy: react-redux-app@0.1.0
8 verbose lifecycle react-redux-app@0.1.0~deploy: unsafe-perm in lifecycle true
9 verbose lifecycle react-redux-app@0.1.0~deploy: PATH: C:\Program Files\nodejs\node_modules\npm\bin\node-gyp-bin;C:\Users\donev\Examples\React-with-GA\node_modules\.bin;C:\Python27\;C:\Python27\Scripts;C:\ProgramData\Oracle\Java\javapath;C:\WINDOWS\system32;C:\WINDOWS;C:\WINDOWS\System32\Wbem;C:\WINDOWS\System32\WindowsPowerShell\v1.0\;C:\Program Files (x86)\Skype\Phone\;C:\Program Files\Git\cmd;C:\ProgramData\chocolatey\bin;C:\Program Files\TortoiseGit\bin;C:\Program Files\Microsoft SQL Server\130\Tools\Binn\;C:\Program Files\dotnet\;C:\Program Files\nodejs\;C:\Program Files\Redis\;C:\Program Files\MongoDB\Server\3.4\bin;C:\Users\donev\AppData\Roaming\npm;C:\Users\donev\AppData\Local\atom\bin;C:\Users\donev\Downloads\openssl-0.9.8r-x64_86-win64-rev2\openssl-0.9.8r-x64_86-win64-rev2;
10 verbose lifecycle react-redux-app@0.1.0~deploy: CWD: C:\Users\donev\Examples\React-with-GA
11 silly lifecycle react-redux-app@0.1.0~deploy: Args: [ '/d /s /c', 'npm run build&&gh-pages -d build' ]
12 silly lifecycle react-redux-app@0.1.0~deploy: Returned: code: 1  signal: null
13 info lifecycle react-redux-app@0.1.0~deploy: Failed to exec deploy script
14 verbose stack Error: react-redux-app@0.1.0 deploy: `npm run build&&gh-pages -d build`
14 verbose stack Exit status 1
14 verbose stack     at EventEmitter.<anonymous> (C:\Program Files\nodejs\node_modules\npm\lib\utils\lifecycle.js:255:16)
14 verbose stack     at emitTwo (events.js:106:13)
14 verbose stack     at EventEmitter.emit (events.js:191:7)
14 verbose stack     at ChildProcess.<anonymous> (C:\Program Files\nodejs\node_modules\npm\lib\utils\spawn.js:40:14)
14 verbose stack     at emitTwo (events.js:106:13)
14 verbose stack     at ChildProcess.emit (events.js:191:7)
14 verbose stack     at maybeClose (internal/child_process.js:891:16)
14 verbose stack     at Process.ChildProcess._handle.onexit (internal/child_process.js:226:5)
15 verbose pkgid react-redux-app@0.1.0
16 verbose cwd C:\Users\donev\Examples\React-with-GA\666666\rwga2
17 error Windows_NT 10.0.15063
18 error argv "C:\\Program Files\\nodejs\\node.exe" "C:\\Program Files\\nodejs\\node_modules\\npm\\bin\\npm-cli.js" "run" "deploy"
19 error node v6.11.0
20 error npm  v3.10.10
21 error code ELIFECYCLE
22 error react-redux-app@0.1.0 deploy: `npm run build&&gh-pages -d build`
22 error Exit status 1
23 error Failed at the react-redux-app@0.1.0 deploy script 'npm run build&&gh-pages -d build'.
23 error Make sure you have the latest version of node.js and npm installed.
23 error If you do, this is most likely a problem with the react-redux-app package,
23 error not with npm itself.
23 error Tell the author that this fails on your system:
23 error     npm run build&&gh-pages -d build
23 error You can get information on how to open an issue for this project with:
23 error     npm bugs react-redux-app
23 error Or if that isn't available, you can get their info via:
23 error     npm owner ls react-redux-app
23 error There is likely additional logging output above.
24 verbose exit [ 1, true ]
